<?xml version="1.0" encoding="UTF-8" standalone="no"?><testsuite errors="0" failures="0" name="Gestion de usuarios en reqres.in Project API" skipped="0" tests="5" time="3.59" timestamp="2026-04-16 12:17:28"><testcase name="e. Eliminar un usuario y validar que la operacion sea exitosa"/><testcase name="a. Listar usuarios y validar que la respuesta contenga al menos un usuario"/><testcase name="b. Registrar un nuevo usuario y validar que la respuesta sea la esperada"/><testcase name="c. Intentar registrar un usuario sin datos obligatorios y validar el error"/><testcase name="d. Actualizar la informacion de un usuario existente y validar la actualizacion"/></testsuite>